android/app/build/intermediates/manifest_merge_blame_file/debug/manifest-merger-blame-debug-report.txt
1<?xml version="1.0" encoding="utf-8"?>
2<manifest xmlns:android="http://schemas.android.com/apk/res/android"
3    package="io.ionic.starter"
4    android:versionCode="1"
5    android:versionName="1.0" >
6
7    <uses-sdk
8        android:minSdkVersion="21"
8-->src\main\AndroidManifest.xml
9        android:targetSdkVersion="30" />
9-->src\main\AndroidManifest.xml
10
11    <uses-permission android:name="android.permission.INTERNET" />
11-->src\main\AndroidManifest.xml:14:5-67
11-->src\main\AndroidManifest.xml:14:22-64
12    <uses-permission android:name="android.permission.VIBRATE" />
12-->[:capacitor-haptics] AndroidManifest.xml:9:5-66
12-->[:capacitor-haptics] AndroidManifest.xml:9:22-63
13    <uses-permission android:name="android.permission.BLUETOOTH" />
13-->[:capacitor-cordova-android-plugins] AndroidManifest.xml:10:5-68
13-->[:capacitor-cordova-android-plugins] AndroidManifest.xml:10:22-65
14    <uses-permission android:name="android.permission.BLUETOOTH_ADMIN" />
14-->[:capacitor-cordova-android-plugins] AndroidManifest.xml:11:5-74
14-->[:capacitor-cordova-android-plugins] AndroidManifest.xml:11:22-71
15    <uses-permission android:name="android.permission.ACCESS_COARSE_LOCATION" />
15-->[:capacitor-cordova-android-plugins] AndroidManifest.xml:12:5-81
15-->[:capacitor-cordova-android-plugins] AndroidManifest.xml:12:22-78
16
17    <application
17-->src\main\AndroidManifest.xml:3:5-13:19
18        android:allowBackup="true"
18-->src\main\AndroidManifest.xml:3:18-44
19        android:appComponentFactory="androidx.core.app.CoreComponentFactory"
19-->[androidx.core:core:1.3.2] AndroidManifest.xml:24:18-86
20        android:debuggable="true"
21        android:icon="@mipmap/ic_launcher"
21-->src\main\AndroidManifest.xml:3:45-79
22        android:label="@string/app_name"
22-->src\main\AndroidManifest.xml:3:80-112
23        android:roundIcon="@mipmap/ic_launcher_round"
23-->src\main\AndroidManifest.xml:3:113-158
24        android:supportsRtl="true"
24-->src\main\AndroidManifest.xml:3:159-185
25        android:theme="@style/AppTheme"
25-->src\main\AndroidManifest.xml:3:186-217
26        android:usesCleartextTraffic="true" >
26-->src\main\AndroidManifest.xml:3:218-253
27        <activity
27-->src\main\AndroidManifest.xml:4:9-9:20
28            android:name="io.ionic.starter.MainActivity"
28-->src\main\AndroidManifest.xml:4:212-256
29            android:configChanges="orientation|keyboardHidden|keyboard|screenSize|locale|smallestScreenSize|screenLayout|uiMode"
29-->src\main\AndroidManifest.xml:4:19-135
30            android:label="@string/title_activity_main"
30-->src\main\AndroidManifest.xml:4:136-179
31            android:launchMode="singleTask"
31-->src\main\AndroidManifest.xml:4:180-211
32            android:theme="@style/AppTheme.NoActionBarLaunch" >
32-->src\main\AndroidManifest.xml:4:257-306
33            <intent-filter>
33-->src\main\AndroidManifest.xml:5:13-8:29
34                <action android:name="android.intent.action.MAIN" />
34-->src\main\AndroidManifest.xml:6:17-69
34-->src\main\AndroidManifest.xml:6:25-66
35
36                <category android:name="android.intent.category.LAUNCHER" />
36-->src\main\AndroidManifest.xml:7:17-77
36-->src\main\AndroidManifest.xml:7:27-74
37            </intent-filter>
38        </activity>
39
40        <provider
41            android:name="androidx.core.content.FileProvider"
41-->src\main\AndroidManifest.xml:10:131-180
42            android:authorities="io.ionic.starter.fileprovider"
42-->src\main\AndroidManifest.xml:10:19-70
43            android:exported="false"
43-->src\main\AndroidManifest.xml:10:71-95
44            android:grantUriPermissions="true" >
44-->src\main\AndroidManifest.xml:10:96-130
45            <meta-data
45-->src\main\AndroidManifest.xml:11:13-112
46                android:name="android.support.FILE_PROVIDER_PATHS"
46-->src\main\AndroidManifest.xml:11:24-74
47                android:resource="@xml/file_paths" />
47-->src\main\AndroidManifest.xml:11:75-109
48        </provider>
49    </application>
50
51</manifest>